<?xml version="1.0" encoding="UTF-8" standalone="no"?><testsuite errors="0" failures="0" name="Everything about your Pets." skipped="0" tests="9" time="7.83" timestamp="2024-02-24 06:22:48"><testcase name="Update an existing pet by Id - Unexpected Id format"/><testcase name="Update an existing pet by Id - Non-existing Id"/><testcase name="Update an existing pet by Id"/><testcase name="Delete a pet"/><testcase name="Finds pets by unexpected status."/><testcase name="Finds pets by existing status."/><testcase name="Add a new pet to the store."/></testsuite>